<?xml version="1.0" encoding="UTF-8"?>
<testng-results ignored="0" total="1" passed="1" failed="0" skipped="0">
  <reporter-output>
  </reporter-output>
  <suite started-at="2020-11-19T23:07:34 IST" name="Default suite" finished-at="2020-11-19T23:07:45 IST" duration-ms="10974">
    <groups>
    </groups>
    <test started-at="2020-11-19T23:07:34 IST" name="Default test" finished-at="2020-11-19T23:07:45 IST" duration-ms="10974">
      <class name="ToolsQa.DemoMavenEclipseProject.Excel">
        <test-method signature="getExcel()[pri:0, instance:ToolsQa.DemoMavenEclipseProject.Excel@366647c2]" started-at="2020-11-19T23:07:34 IST" name="getExcel" finished-at="2020-11-19T23:07:45 IST" duration-ms="10908" status="PASS">
          <reporter-output>
          </reporter-output>
        </test-method> <!-- getExcel -->
      </class> <!-- ToolsQa.DemoMavenEclipseProject.Excel -->
    </test> <!-- Default test -->
  </suite> <!-- Default suite -->
</testng-results>
